startTime: 2017-11-06 07:47:19
1: 10241903.PDF: failed converting to txt. 
2: 1200812491.PDF: converted to txt success. 
3: 1200924280.PDF: converted to txt success. 
4: 1202197569.PDF: converted to txt success. 
5: 1202251633.PDF: converted to txt success. 
6: 1203227624.PDF: converted to txt success. 
7: 1203428315.PDF: converted to txt success. 
8: 1203732278.PDF: converted to txt success. 
9: 1203804936.PDF: converted to txt success. 
10: 1203808987.PDF: converted to txt success. 
11: 1203943984.PDF: converted to txt success. 
12: 1204015388.PDF: converted to txt success. 
13: 1204081270.PDF: converted to txt success. 
14: 13823657.PDF: failed converting to txt. 
15: 15166020.PDF: converted to txt success. 
16: 21934803.PDF: failed converting to txt. 
17: 38903343.PDF: converted to txt success. 
18: 51236292.PDF: converted to txt success. 
19: 57826403.PDF: converted to txt success. 
20: 59363136.PDF: converted to txt success. 
21: 60931440.PDF: converted to txt success. 
22: 62399014.PDF: converted to txt success. 
23: 62406166.PDF: converted to txt success. 
24: 63924938.PDF: converted to txt success. 
25: 63954221.PDF: converted to txt success. 
endTime: 2017-11-06 08:01:31
totalTime: 14 mins, 12 sec
